Determining if the pthread_create exist failed with the following output:
Change Dir: /home/ash/BMW-Sprints/LearningSprint/ImageRotation/ros_basics/catkin_ws/build/CMakeFiles/CMakeTmp

Run Build Command:"/usr/bin/make" "cmTC_2158d/fast"
/usr/bin/make -f CMakeFiles/cmTC_2158d.dir/build.make CMakeFiles/cmTC_2158d.dir/build
make[1]: Entering directory '/home/ash/BMW-Sprints/LearningSprint/ImageRotation/ros_basics/catkin_ws/build/CMakeFiles/CMakeTmp'
Building C object CMakeFiles/cmTC_2158d.dir/CheckSymbolExists.c.o
/usr/bin/cc    -o CMakeFiles/cmTC_2158d.dir/CheckSymbolExists.c.o   -c /home/ash/BMW-Sprints/LearningSprint/ImageRotation/ros_basics/catkin_ws/build/CMakeFiles/CMakeTmp/CheckSymbolExists.c
Linking C executable cmTC_2158d
/usr/bin/cmake -E cmake_link_script CMakeFiles/cmTC_2158d.dir/link.txt --verbose=1
/usr/bin/cc      -rdynamic CMakeFiles/cmTC_2158d.dir/CheckSymbolExists.c.o  -o cmTC_2158d 
CMakeFiles/cmTC_2158d.dir/CheckSymbolExists.c.o: In function `main':
CheckSymbolExists.c:(.text+0x1b): undefined reference to `pthread_create'
collect2: error: ld returned 1 exit status
CMakeFiles/cmTC_2158d.dir/build.make:97: recipe for target 'cmTC_2158d' failed
make[1]: *** [cmTC_2158d] Error 1
make[1]: Leaving directory '/home/ash/BMW-Sprints/LearningSprint/ImageRotation/ros_basics/catkin_ws/build/CMakeFiles/CMakeTmp'
Makefile:126: recipe for target 'cmTC_2158d/fast' failed
make: *** [cmTC_2158d/fast] Error 2

File /home/ash/BMW-Sprints/LearningSprint/ImageRotation/ros_basics/catkin_ws/build/CMakeFiles/CMakeTmp/CheckSymbolExists.c:
/* */
#include <pthread.h>

int main(int argc, char** argv)
{
  (void)argv;
#ifndef pthread_create
  return ((int*)(&pthread_create))[argc];
#else
  (void)argc;
  return 0;
#endif
}

Determining if the function pthread_create exists in the pthreads failed with the following output:
Change Dir: /home/ash/BMW-Sprints/LearningSprint/ImageRotation/ros_basics/catkin_ws/build/CMakeFiles/CMakeTmp

Run Build Command:"/usr/bin/make" "cmTC_e1693/fast"
/usr/bin/make -f CMakeFiles/cmTC_e1693.dir/build.make CMakeFiles/cmTC_e1693.dir/build
make[1]: Entering directory '/home/ash/BMW-Sprints/LearningSprint/ImageRotation/ros_basics/catkin_ws/build/CMakeFiles/CMakeTmp'
Building C object CMakeFiles/cmTC_e1693.dir/CheckFunctionExists.c.o
/usr/bin/cc   -DCHECK_FUNCTION_EXISTS=pthread_create   -o CMakeFiles/cmTC_e1693.dir/CheckFunctionExists.c.o   -c /usr/share/cmake-3.10/Modules/CheckFunctionExists.c
Linking C executable cmTC_e1693
/usr/bin/cmake -E cmake_link_script CMakeFiles/cmTC_e1693.dir/link.txt --verbose=1
/usr/bin/cc  -DCHECK_FUNCTION_EXISTS=pthread_create    -rdynamic CMakeFiles/cmTC_e1693.dir/CheckFunctionExists.c.o  -o cmTC_e1693 -lpthreads 
/usr/bin/ld: cannot find -lpthreads
collect2: error: ld returned 1 exit status
CMakeFiles/cmTC_e1693.dir/build.make:97: recipe for target 'cmTC_e1693' failed
make[1]: *** [cmTC_e1693] Error 1
make[1]: Leaving directory '/home/ash/BMW-Sprints/LearningSprint/ImageRotation/ros_basics/catkin_ws/build/CMakeFiles/CMakeTmp'
Makefile:126: recipe for target 'cmTC_e1693/fast' failed
make: *** [cmTC_e1693/fast] Error 2


